<?xml version="1.0" encoding="UTF-8"?>
<!-- Generated by org.testng.reporters.JUnitXMLReporter -->
<testsuite hostname="Ashok" ignored="0" name="Resolver Test" tests="4" failures="0" timestamp="2021-01-16T12:36:15 IST" time="70.589" errors="0">
  <testcase name="open_Modal_Test" time="7.5" classname="com.Resolver.Tests.Test1"/>
  <testcase name="verify_Filter_ComboBox" time="7.495" classname="com.Resolver.Tests.Test2"/>
  <testcase name="verify_Filter_ComboBox" time="6.825" classname="com.Resolver.Tests.Test3"/>
  <testcase name="verify_Filter_ComboBox" time="3.129" classname="com.Resolver.Tests.Test4"/>
</testsuite> <!-- Resolver Test -->
