<?xml version="1.0" encoding="UTF-8"?>
<!-- Generated by org.testng.reporters.JUnitXMLReporter -->
<testsuite ignored="0" hostname="Ashok" failures="0" tests="4" name="Resolver Test" time="87.535" errors="0" timestamp="2021-01-16T13:05:50 IST">
  <testcase classname="com.Resolver.Tests.Test1" name="open_Modal_Test" time="6.478"/>
  <testcase classname="com.Resolver.Tests.Test2" name="verify_Filter_ComboBox" time="7.477"/>
  <testcase classname="com.Resolver.Tests.Test3" name="verify_Filter_ComboBox" time="6.784"/>
  <testcase classname="com.Resolver.Tests.Test4" name="verify_Filter_ComboBox" time="3.105"/>
</testsuite> <!-- Resolver Test -->
