<?xml version="1.0" encoding="UTF-8"?>
<!-- Generated by org.testng.reporters.JUnitXMLReporter -->
<testsuite ignored="0" hostname="Ashok" failures="0" tests="4" name="Resolver Test" time="69.171" errors="0" timestamp="2021-01-16T12:05:19 IST">
  <testcase classname="com.Resolver.Tests.Test1" name="open_Modal_Test" time="7.006"/>
  <testcase classname="com.Resolver.Tests.Test2" name="verify_Filter_ComboBox" time="6.987"/>
  <testcase classname="com.Resolver.Tests.Test3" name="verify_Filter_ComboBox" time="6.569"/>
  <testcase classname="com.Resolver.Tests.Test4" name="verify_Filter_ComboBox" time="3.09"/>
</testsuite> <!-- Resolver Test -->
