<?xml version="1.0" encoding="UTF-8"?>
<testng-results ignored="0" total="4" passed="4" failed="0" skipped="0">
  <reporter-output>
  </reporter-output>
  <suite started-at="2021-01-16T12:51:22 IST" name="Resolver" finished-at="2021-01-16T12:52:28 IST" duration-ms="66027">
    <groups>
    </groups>
    <test started-at="2021-01-16T12:51:22 IST" name="Resolver Test" finished-at="2021-01-16T12:52:28 IST" duration-ms="66027">
      <class name="com.Resolver.Tests.Test4">
        <test-method is-config="true" signature="startUp()[pri:0, instance:com.Resolver.Tests.Test4@67080771]" started-at="2021-01-16T12:52:15 IST" name="startUp" finished-at="2021-01-16T12:52:22 IST" duration-ms="6831" status="PASS">
          <reporter-output>
          </reporter-output>
        </test-method> <!-- startUp -->
        <test-method signature="verify_Filter_ComboBox()[pri:0, instance:com.Resolver.Tests.Test4@67080771]" started-at="2021-01-16T12:52:22 IST" name="verify_Filter_ComboBox" finished-at="2021-01-16T12:52:25 IST" duration-ms="3177" status="PASS">
          <reporter-output>
          </reporter-output>
        </test-method> <!-- verify_Filter_ComboBox -->
        <test-method is-config="true" signature="tearDown()[pri:0, instance:com.Resolver.Tests.Test4@67080771]" started-at="2021-01-16T12:52:25 IST" name="tearDown" finished-at="2021-01-16T12:52:28 IST" duration-ms="3623" status="PASS">
          <reporter-output>
          </reporter-output>
        </test-method> <!-- tearDown -->
      </class> <!-- com.Resolver.Tests.Test4 -->
      <class name="com.Resolver.Tests.Test2">
        <test-method is-config="true" signature="startUp()[pri:0, instance:com.Resolver.Tests.Test2@79da8dc5]" started-at="2021-01-16T12:51:40 IST" name="startUp" finished-at="2021-01-16T12:51:47 IST" duration-ms="6843" status="PASS">
          <reporter-output>
          </reporter-output>
        </test-method> <!-- startUp -->
        <test-method signature="verify_Filter_ComboBox()[pri:0, instance:com.Resolver.Tests.Test2@79da8dc5]" started-at="2021-01-16T12:51:47 IST" name="verify_Filter_ComboBox" finished-at="2021-01-16T12:51:54 IST" duration-ms="7145" status="PASS">
          <reporter-output>
          </reporter-output>
        </test-method> <!-- verify_Filter_ComboBox -->
        <test-method is-config="true" signature="tearDown()[pri:0, instance:com.Resolver.Tests.Test2@79da8dc5]" started-at="2021-01-16T12:51:54 IST" name="tearDown" finished-at="2021-01-16T12:51:58 IST" duration-ms="3696" status="PASS">
          <reporter-output>
          </reporter-output>
        </test-method> <!-- tearDown -->
      </class> <!-- com.Resolver.Tests.Test2 -->
      <class name="com.Resolver.Tests.Test3">
        <test-method is-config="true" signature="startUp()[pri:0, instance:com.Resolver.Tests.Test3@1eb5174b]" started-at="2021-01-16T12:51:58 IST" name="startUp" finished-at="2021-01-16T12:52:05 IST" duration-ms="6818" status="PASS">
          <reporter-output>
          </reporter-output>
        </test-method> <!-- startUp -->
        <test-method signature="verify_Filter_ComboBox()[pri:0, instance:com.Resolver.Tests.Test3@1eb5174b]" started-at="2021-01-16T12:52:05 IST" name="verify_Filter_ComboBox" finished-at="2021-01-16T12:52:11 IST" duration-ms="6450" status="PASS">
          <reporter-output>
          </reporter-output>
        </test-method> <!-- verify_Filter_ComboBox -->
        <test-method is-config="true" signature="tearDown()[pri:0, instance:com.Resolver.Tests.Test3@1eb5174b]" started-at="2021-01-16T12:52:11 IST" name="tearDown" finished-at="2021-01-16T12:52:15 IST" duration-ms="3768" status="PASS">
          <reporter-output>
          </reporter-output>
        </test-method> <!-- tearDown -->
      </class> <!-- com.Resolver.Tests.Test3 -->
      <class name="com.Resolver.Tests.Test1">
        <test-method is-config="true" signature="startUp()[pri:0, instance:com.Resolver.Tests.Test1@c333c60]" started-at="2021-01-16T12:51:23 IST" name="startUp" finished-at="2021-01-16T12:51:30 IST" duration-ms="7400" status="PASS">
          <reporter-output>
          </reporter-output>
        </test-method> <!-- startUp -->
        <test-method signature="open_Modal_Test()[pri:0, instance:com.Resolver.Tests.Test1@c333c60]" started-at="2021-01-16T12:51:30 IST" name="open_Modal_Test" finished-at="2021-01-16T12:51:36 IST" duration-ms="6510" status="PASS">
          <reporter-output>
          </reporter-output>
        </test-method> <!-- open_Modal_Test -->
        <test-method is-config="true" signature="tearDown()[pri:0, instance:com.Resolver.Tests.Test1@c333c60]" started-at="2021-01-16T12:51:36 IST" name="tearDown" finished-at="2021-01-16T12:51:40 IST" duration-ms="3698" status="PASS">
          <reporter-output>
          </reporter-output>
        </test-method> <!-- tearDown -->
      </class> <!-- com.Resolver.Tests.Test1 -->
    </test> <!-- Resolver Test -->
  </suite> <!-- Resolver -->
</testng-results>
