<?xml version="1.0" encoding="UTF-8"?>
<testng-results ignored="0" total="4" passed="4" failed="0" skipped="0">
  <reporter-output>
  </reporter-output>
  <suite started-at="2021-01-16T12:04:10 IST" name="Resolver" finished-at="2021-01-16T12:05:19 IST" duration-ms="69171">
    <groups>
    </groups>
    <test started-at="2021-01-16T12:04:10 IST" name="Resolver Test" finished-at="2021-01-16T12:05:19 IST" duration-ms="69171">
      <class name="com.Resolver.Tests.Test4">
        <test-method is-config="true" signature="startUp()[pri:0, instance:com.Resolver.Tests.Test4@1eb5174b]" started-at="2021-01-16T12:05:06 IST" name="startUp" finished-at="2021-01-16T12:05:12 IST" duration-ms="6387" status="PASS">
          <reporter-output>
          </reporter-output>
        </test-method> <!-- startUp -->
        <test-method signature="verify_Filter_ComboBox()[pri:0, instance:com.Resolver.Tests.Test4@1eb5174b]" started-at="2021-01-16T12:05:12 IST" name="verify_Filter_ComboBox" finished-at="2021-01-16T12:05:15 IST" duration-ms="3090" status="PASS">
          <reporter-output>
          </reporter-output>
        </test-method> <!-- verify_Filter_ComboBox -->
        <test-method is-config="true" signature="tearDown()[pri:0, instance:com.Resolver.Tests.Test4@1eb5174b]" started-at="2021-01-16T12:05:15 IST" name="tearDown" finished-at="2021-01-16T12:05:19 IST" duration-ms="3627" status="PASS">
          <reporter-output>
          </reporter-output>
        </test-method> <!-- tearDown -->
      </class> <!-- com.Resolver.Tests.Test4 -->
      <class name="com.Resolver.Tests.Test2">
        <test-method is-config="true" signature="startUp()[pri:0, instance:com.Resolver.Tests.Test2@c333c60]" started-at="2021-01-16T12:04:32 IST" name="startUp" finished-at="2021-01-16T12:04:39 IST" duration-ms="6574" status="PASS">
          <reporter-output>
          </reporter-output>
        </test-method> <!-- startUp -->
        <test-method signature="verify_Filter_ComboBox()[pri:0, instance:com.Resolver.Tests.Test2@c333c60]" started-at="2021-01-16T12:04:39 IST" name="verify_Filter_ComboBox" finished-at="2021-01-16T12:04:46 IST" duration-ms="6987" status="PASS">
          <reporter-output>
          </reporter-output>
        </test-method> <!-- verify_Filter_ComboBox -->
        <test-method is-config="true" signature="tearDown()[pri:0, instance:com.Resolver.Tests.Test2@c333c60]" started-at="2021-01-16T12:04:46 IST" name="tearDown" finished-at="2021-01-16T12:04:50 IST" duration-ms="3621" status="PASS">
          <reporter-output>
          </reporter-output>
        </test-method> <!-- tearDown -->
      </class> <!-- com.Resolver.Tests.Test2 -->
      <class name="com.Resolver.Tests.Test3">
        <test-method is-config="true" signature="startUp()[pri:0, instance:com.Resolver.Tests.Test3@79da8dc5]" started-at="2021-01-16T12:04:50 IST" name="startUp" finished-at="2021-01-16T12:04:56 IST" duration-ms="6240" status="PASS">
          <reporter-output>
          </reporter-output>
        </test-method> <!-- startUp -->
        <test-method signature="verify_Filter_ComboBox()[pri:0, instance:com.Resolver.Tests.Test3@79da8dc5]" started-at="2021-01-16T12:04:56 IST" name="verify_Filter_ComboBox" finished-at="2021-01-16T12:05:02 IST" duration-ms="6569" status="PASS">
          <reporter-output>
          </reporter-output>
        </test-method> <!-- verify_Filter_ComboBox -->
        <test-method is-config="true" signature="tearDown()[pri:0, instance:com.Resolver.Tests.Test3@79da8dc5]" started-at="2021-01-16T12:05:02 IST" name="tearDown" finished-at="2021-01-16T12:05:06 IST" duration-ms="3612" status="PASS">
          <reporter-output>
          </reporter-output>
        </test-method> <!-- tearDown -->
      </class> <!-- com.Resolver.Tests.Test3 -->
      <class name="com.Resolver.Tests.Test1">
        <test-method is-config="true" signature="startUp()[pri:0, instance:com.Resolver.Tests.Test1@11bd0f3b]" started-at="2021-01-16T12:04:10 IST" name="startUp" finished-at="2021-01-16T12:04:22 IST" duration-ms="11729" status="PASS">
          <reporter-output>
          </reporter-output>
        </test-method> <!-- startUp -->
        <test-method signature="open_Modal_Test()[pri:0, instance:com.Resolver.Tests.Test1@11bd0f3b]" started-at="2021-01-16T12:04:22 IST" name="open_Modal_Test" finished-at="2021-01-16T12:04:29 IST" duration-ms="7006" status="PASS">
          <reporter-output>
          </reporter-output>
        </test-method> <!-- open_Modal_Test -->
        <test-method is-config="true" signature="tearDown()[pri:0, instance:com.Resolver.Tests.Test1@11bd0f3b]" started-at="2021-01-16T12:04:29 IST" name="tearDown" finished-at="2021-01-16T12:04:32 IST" duration-ms="3642" status="PASS">
          <reporter-output>
          </reporter-output>
        </test-method> <!-- tearDown -->
      </class> <!-- com.Resolver.Tests.Test1 -->
    </test> <!-- Resolver Test -->
  </suite> <!-- Resolver -->
</testng-results>
